<?xml version="1.0" encoding="UTF-8"?>
<coverage generated="1705239356030" clover="3.2.0">
  <project timestamp="1705239356030" name="All files">
    <metrics statements="106" coveredstatements="106" conditionals="39" coveredconditionals="34" methods="36" coveredmethods="36" elements="181" coveredelements="176" complexity="0" loc="106" ncloc="106" packages="5" files="9" classes="9"/>
    <package name="cypress.component">
      <metrics statements="41" coveredstatements="41" conditionals="0" coveredconditionals="0" methods="7" coveredmethods="7"/>
      <file name="AllWorkouts.cy.tsx" path="C:/Users/Ivann/Documents/Skola/testing-typescript/harmony-run/frontend/cypress/component/AllWorkouts.cy.tsx">
        <metrics statements="41" coveredstatements="41" conditionals="0" coveredconditionals="0" methods="7" coveredmethods="7"/>
        <line num="3" count="7" type="stmt"/>
        <line num="4" count="7" type="stmt"/>
        <line num="5" count="7" type="stmt"/>
        <line num="6" count="7" type="stmt"/>
        <line num="9" count="7" type="stmt"/>
        <line num="10" count="6" type="stmt"/>
        <line num="11" count="6" type="stmt"/>
        <line num="12" count="6" type="stmt"/>
        <line num="13" count="6" type="stmt"/>
        <line num="16" count="7" type="stmt"/>
        <line num="17" count="5" type="stmt"/>
        <line num="18" count="5" type="stmt"/>
        <line num="19" count="5" type="stmt"/>
        <line num="20" count="5" type="stmt"/>
        <line num="21" count="5" type="stmt"/>
        <line num="24" count="7" type="stmt"/>
        <line num="25" count="4" type="stmt"/>
        <line num="26" count="4" type="stmt"/>
        <line num="27" count="4" type="stmt"/>
        <line num="28" count="4" type="stmt"/>
        <line num="29" count="4" type="stmt"/>
        <line num="32" count="7" type="stmt"/>
        <line num="33" count="3" type="stmt"/>
        <line num="34" count="3" type="stmt"/>
        <line num="35" count="3" type="stmt"/>
        <line num="38" count="3" type="stmt"/>
        <line num="41" count="3" type="stmt"/>
        <line num="46" count="7" type="stmt"/>
        <line num="47" count="2" type="stmt"/>
        <line num="48" count="2" type="stmt"/>
        <line num="49" count="2" type="stmt"/>
        <line num="50" count="2" type="stmt"/>
        <line num="51" count="2" type="stmt"/>
        <line num="53" count="2" type="stmt"/>
        <line num="54" count="2" type="stmt"/>
        <line num="55" count="2" type="stmt"/>
        <line num="56" count="2" type="stmt"/>
        <line num="58" count="2" type="stmt"/>
        <line num="59" count="2" type="stmt"/>
        <line num="62" count="2" type="stmt"/>
        <line num="63" count="2" type="stmt"/>
      </file>
    </package>
    <package name="cypress.support">
      <metrics statements="1" coveredstatements="1" conditionals="0" coveredconditionals="0" methods="0" coveredmethods="0"/>
      <file name="component.ts" path="C:/Users/Ivann/Documents/Skola/testing-typescript/harmony-run/frontend/cypress/support/component.ts">
        <metrics statements="1" coveredstatements="1" conditionals="0" coveredconditionals="0" methods="0" coveredmethods="0"/>
        <line num="37" count="7" type="stmt"/>
      </file>
    </package>
    <package name="src.components.Health.Workout.Allworkouts">
      <metrics statements="49" coveredstatements="49" conditionals="32" coveredconditionals="28" methods="23" coveredmethods="23"/>
      <file name="AllWorkouts.tsx" path="C:/Users/Ivann/Documents/Skola/testing-typescript/harmony-run/frontend/src/components/Health/Workout/Allworkouts/AllWorkouts.tsx">
        <metrics statements="10" coveredstatements="10" conditionals="11" coveredconditionals="10" methods="5" coveredmethods="5"/>
        <line num="1" count="56" type="cond" truecount="4" falsecount="1"/>
        <line num="9" count="56" type="stmt"/>
        <line num="10" count="56" type="stmt"/>
        <line num="11" count="51" type="stmt"/>
        <line num="12" count="51" type="stmt"/>
        <line num="13" count="51" type="stmt"/>
        <line num="21" count="9" type="stmt"/>
        <line num="29" count="8" type="stmt"/>
        <line num="37" count="7" type="stmt"/>
        <line num="48" count="7" type="stmt"/>
      </file>
      <file name="Allworkouts.styled.tsx" path="C:/Users/Ivann/Documents/Skola/testing-typescript/harmony-run/frontend/src/components/Health/Workout/Allworkouts/Allworkouts.styled.tsx">
        <metrics statements="6" coveredstatements="6" conditionals="0" coveredconditionals="0" methods="0" coveredmethods="0"/>
        <line num="4" count="7" type="stmt"/>
        <line num="17" count="7" type="stmt"/>
        <line num="24" count="7" type="stmt"/>
        <line num="30" count="7" type="stmt"/>
        <line num="36" count="7" type="stmt"/>
        <line num="44" count="7" type="stmt"/>
      </file>
      <file name="Highintensity.tsx" path="C:/Users/Ivann/Documents/Skola/testing-typescript/harmony-run/frontend/src/components/Health/Workout/Allworkouts/Highintensity.tsx">
        <metrics statements="11" coveredstatements="11" conditionals="7" coveredconditionals="6" methods="6" coveredmethods="6"/>
        <line num="1" count="56" type="cond" truecount="4" falsecount="1"/>
        <line num="5" count="19" type="stmt"/>
        <line num="6" count="19" type="stmt"/>
        <line num="7" count="14" type="stmt"/>
        <line num="8" count="7" type="stmt"/>
        <line num="9" count="7" type="stmt"/>
        <line num="11" count="7" type="stmt"/>
        <line num="12" count="7" type="stmt"/>
        <line num="16" count="14" type="stmt"/>
        <line num="20" count="21" type="stmt"/>
        <line num="49" count="7" type="stmt"/>
      </file>
      <file name="LowIntensity.tsx" path="C:/Users/Ivann/Documents/Skola/testing-typescript/harmony-run/frontend/src/components/Health/Workout/Allworkouts/LowIntensity.tsx">
        <metrics statements="11" coveredstatements="11" conditionals="7" coveredconditionals="6" methods="6" coveredmethods="6"/>
        <line num="1" count="56" type="cond" truecount="4" falsecount="1"/>
        <line num="12" count="13" type="stmt"/>
        <line num="13" count="13" type="stmt"/>
        <line num="14" count="10" type="stmt"/>
        <line num="15" count="5" type="stmt"/>
        <line num="16" count="5" type="stmt"/>
        <line num="18" count="5" type="stmt"/>
        <line num="19" count="5" type="stmt"/>
        <line num="23" count="10" type="stmt"/>
        <line num="27" count="15" type="stmt"/>
        <line num="56" count="7" type="stmt"/>
      </file>
      <file name="MediumIntensity.tsx" path="C:/Users/Ivann/Documents/Skola/testing-typescript/harmony-run/frontend/src/components/Health/Workout/Allworkouts/MediumIntensity.tsx">
        <metrics statements="11" coveredstatements="11" conditionals="7" coveredconditionals="6" methods="6" coveredmethods="6"/>
        <line num="1" count="56" type="cond" truecount="4" falsecount="1"/>
        <line num="12" count="16" type="stmt"/>
        <line num="13" count="16" type="stmt"/>
        <line num="14" count="12" type="stmt"/>
        <line num="15" count="6" type="stmt"/>
        <line num="16" count="6" type="stmt"/>
        <line num="18" count="6" type="stmt"/>
        <line num="19" count="6" type="stmt"/>
        <line num="23" count="12" type="stmt"/>
        <line num="27" count="24" type="stmt"/>
        <line num="56" count="7" type="stmt"/>
      </file>
    </package>
    <package name="src.components.Health.Workout.General">
      <metrics statements="11" coveredstatements="11" conditionals="7" coveredconditionals="6" methods="6" coveredmethods="6"/>
      <file name="GeneralTips.tsx" path="C:/Users/Ivann/Documents/Skola/testing-typescript/harmony-run/frontend/src/components/Health/Workout/General/GeneralTips.tsx">
        <metrics statements="11" coveredstatements="11" conditionals="7" coveredconditionals="6" methods="6" coveredmethods="6"/>
        <line num="1" count="56" type="cond" truecount="4" falsecount="1"/>
        <line num="5" count="71" type="stmt"/>
        <line num="6" count="71" type="stmt"/>
        <line num="7" count="71" type="stmt"/>
        <line num="8" count="27" type="stmt"/>
        <line num="9" count="25" type="stmt"/>
        <line num="11" count="25" type="stmt"/>
        <line num="12" count="25" type="stmt"/>
        <line num="15" count="71" type="stmt"/>
        <line num="19" count="150" type="stmt"/>
        <line num="25" count="7" type="stmt"/>
      </file>
    </package>
    <package name="src.components.Health.WorkoutAdvice">
      <metrics statements="4" coveredstatements="4" conditionals="0" coveredconditionals="0" methods="0" coveredmethods="0"/>
      <file name="WorkoutAdvice.styled.tsx" path="C:/Users/Ivann/Documents/Skola/testing-typescript/harmony-run/frontend/src/components/Health/WorkoutAdvice/WorkoutAdvice.styled.tsx">
        <metrics statements="4" coveredstatements="4" conditionals="0" coveredconditionals="0" methods="0" coveredmethods="0"/>
        <line num="3" count="7" type="stmt"/>
        <line num="7" count="7" type="stmt"/>
        <line num="18" count="7" type="stmt"/>
        <line num="25" count="7" type="stmt"/>
      </file>
    </package>
  </project>
</coverage>
