<?xml version="1.0" encoding="UTF-8"?>
<coverage generated="1705189595610" clover="3.2.0">
  <project timestamp="1705189595610" name="All files">
    <metrics statements="27" coveredstatements="27" conditionals="7" coveredconditionals="6" methods="9" coveredmethods="9" elements="43" coveredelements="42" complexity="0" loc="27" ncloc="27" packages="3" files="4" classes="4"/>
    <package name="cypress.component">
      <metrics statements="9" coveredstatements="9" conditionals="0" coveredconditionals="0" methods="3" coveredmethods="3"/>
      <file name="MediumIntensity.cy.tsx" path="C:/Users/Ivann/Documents/Skola/testing-typescript/harmony-run/frontend/cypress/component/MediumIntensity.cy.tsx">
        <metrics statements="9" coveredstatements="9" conditionals="0" coveredconditionals="0" methods="3" coveredmethods="3"/>
        <line num="3" count="3" type="stmt"/>
        <line num="4" count="3" type="stmt"/>
        <line num="5" count="3" type="stmt"/>
        <line num="8" count="3" type="stmt"/>
        <line num="9" count="2" type="stmt"/>
        <line num="10" count="2" type="stmt"/>
        <line num="11" count="2" type="stmt"/>
        <line num="12" count="2" type="stmt"/>
        <line num="13" count="2" type="stmt"/>
      </file>
    </package>
    <package name="cypress.support">
      <metrics statements="1" coveredstatements="1" conditionals="0" coveredconditionals="0" methods="0" coveredmethods="0"/>
      <file name="component.ts" path="C:/Users/Ivann/Documents/Skola/testing-typescript/harmony-run/frontend/cypress/support/component.ts">
        <metrics statements="1" coveredstatements="1" conditionals="0" coveredconditionals="0" methods="0" coveredmethods="0"/>
        <line num="37" count="3" type="stmt"/>
      </file>
    </package>
    <package name="src.components.Health.Workout.Allworkouts">
      <metrics statements="17" coveredstatements="17" conditionals="7" coveredconditionals="6" methods="6" coveredmethods="6"/>
      <file name="Allworkouts.styled.tsx" path="C:/Users/Ivann/Documents/Skola/testing-typescript/harmony-run/frontend/src/components/Health/Workout/Allworkouts/Allworkouts.styled.tsx">
        <metrics statements="6" coveredstatements="6" conditionals="0" coveredconditionals="0" methods="0" coveredmethods="0"/>
        <line num="4" count="3" type="stmt"/>
        <line num="17" count="3" type="stmt"/>
        <line num="24" count="3" type="stmt"/>
        <line num="30" count="3" type="stmt"/>
        <line num="36" count="3" type="stmt"/>
        <line num="44" count="3" type="stmt"/>
      </file>
      <file name="MediumIntensity.tsx" path="C:/Users/Ivann/Documents/Skola/testing-typescript/harmony-run/frontend/src/components/Health/Workout/Allworkouts/MediumIntensity.tsx">
        <metrics statements="11" coveredstatements="11" conditionals="7" coveredconditionals="6" methods="6" coveredmethods="6"/>
        <line num="1" count="24" type="cond" truecount="4" falsecount="1"/>
        <line num="12" count="9" type="stmt"/>
        <line num="13" count="9" type="stmt"/>
        <line num="14" count="7" type="stmt"/>
        <line num="15" count="5" type="stmt"/>
        <line num="16" count="4" type="stmt"/>
        <line num="18" count="4" type="stmt"/>
        <line num="19" count="4" type="stmt"/>
        <line num="23" count="7" type="stmt"/>
        <line num="27" count="8" type="stmt"/>
        <line num="56" count="3" type="stmt"/>
      </file>
    </package>
  </project>
</coverage>
