{"C:/Users/Ivann/Documents/Skola/testing-typescript/harmony-run/frontend/cypress/component/test.cy.tsx": {"path":"C:/Users/Ivann/Documents/Skola/testing-typescript/harmony-run/frontend/cypress/component/test.cy.tsx","statementMap":{"0":{"start":{"line":4,"column":0},"end":{"line":8,"column":null}},"1":{"start":{"line":5,"column":2},"end":{"line":7,"column":null}},"2":{"start":{"line":6,"column":4},"end":{"line":6,"column":null}}},"fnMap":{"0":{"name":"(anonymous_0)","decl":{"start":{"line":4,"column":18},"end":{"line":4,"column":24}},"loc":{"start":{"line":4,"column":24},"end":{"line":8,"column":1}}},"1":{"name":"(anonymous_1)","decl":{"start":{"line":5,"column":15},"end":{"line":5,"column":21}},"loc":{"start":{"line":5,"column":21},"end":{"line":7,"column":3}}}},"branchMap":{},"s":{"0":2,"1":2,"2":2},"f":{"0":2,"1":2},"b":{}}
,"C:/Users/Ivann/Documents/Skola/testing-typescript/harmony-run/frontend/cypress/support/component.ts": {"path":"C:/Users/Ivann/Documents/Skola/testing-typescript/harmony-run/frontend/cypress/support/component.ts","statementMap":{"0":{"start":{"line":37,"column":0},"end":{"line":37,"column":null}}},"fnMap":{},"branchMap":{},"s":{"0":2},"f":{},"b":{}}
,"C:/Users/Ivann/Documents/Skola/testing-typescript/harmony-run/frontend/src/App.styled.tsx": {"path":"C:/Users/Ivann/Documents/Skola/testing-typescript/harmony-run/frontend/src/App.styled.tsx","statementMap":{"0":{"start":{"line":5,"column":25},"end":{"line":5,"column":null}},"1":{"start":{"line":25,"column":27},"end":{"line":25,"column":null}},"2":{"start":{"line":38,"column":26},"end":{"line":38,"column":null}},"3":{"start":{"line":45,"column":30},"end":{"line":45,"column":null}},"4":{"start":{"line":53,"column":24},"end":{"line":53,"column":null}}},"fnMap":{},"branchMap":{},"s":{"0":2,"1":2,"2":2,"3":2,"4":2},"f":{},"b":{}}
,"C:/Users/Ivann/Documents/Skola/testing-typescript/harmony-run/frontend/src/App.tsx": {"path":"C:/Users/Ivann/Documents/Skola/testing-typescript/harmony-run/frontend/src/App.tsx","statementMap":{"0":{"start":{"line":27,"column":17},"end":{"line":36,"column":null}},"1":{"start":{"line":38,"column":2},"end":{"line":38,"column":null}},"2":{"start":{"line":42,"column":34},"end":{"line":42,"column":null}},"3":{"start":{"line":43,"column":15},"end":{"line":43,"column":null}},"4":{"start":{"line":44,"column":22},"end":{"line":46,"column":null}},"5":{"start":{"line":45,"column":4},"end":{"line":45,"column":null}},"6":{"start":{"line":47,"column":22},"end":{"line":49,"column":null}},"7":{"start":{"line":48,"column":4},"end":{"line":48,"column":null}},"8":{"start":{"line":51,"column":2},"end":{"line":106,"column":null}}},"fnMap":{"0":{"name":"App","decl":{"start":{"line":26,"column":24},"end":{"line":26,"column":30}},"loc":{"start":{"line":26,"column":30},"end":{"line":39,"column":null}}},"1":{"name":"Main","decl":{"start":{"line":41,"column":9},"end":{"line":41,"column":16}},"loc":{"start":{"line":41,"column":16},"end":{"line":108,"column":null}}},"2":{"name":"(anonymous_2)","decl":{"start":{"line":44,"column":22},"end":{"line":44,"column":23}},"loc":{"start":{"line":44,"column":70},"end":{"line":46,"column":null}}},"3":{"name":"(anonymous_3)","decl":{"start":{"line":47,"column":22},"end":{"line":47,"column":28}},"loc":{"start":{"line":47,"column":28},"end":{"line":49,"column":null}}}},"branchMap":{"0":{"loc":{"start":{"line":61,"column":27},"end":{"line":61,"column":null}},"type":"cond-expr","locations":[{"start":{"line":61,"column":34},"end":{"line":61,"column":49}},{"start":{"line":61,"column":49},"end":{"line":61,"column":null}}]},"1":{"loc":{"start":{"line":63,"column":27},"end":{"line":63,"column":null}},"type":"cond-expr","locations":[{"start":{"line":63,"column":34},"end":{"line":63,"column":43}},{"start":{"line":63,"column":43},"end":{"line":63,"column":null}}]}},"s":{"0":2,"1":2,"2":2,"3":2,"4":2,"5":0,"6":2,"7":0,"8":2},"f":{"0":2,"1":2,"2":0,"3":0},"b":{"0":[0,2],"1":[0,2]}}
,"C:/Users/Ivann/Documents/Skola/testing-typescript/harmony-run/frontend/src/components/Buttons/Button.tsx": {"path":"C:/Users/Ivann/Documents/Skola/testing-typescript/harmony-run/frontend/src/components/Buttons/Button.tsx","statementMap":{"0":{"start":{"line":5,"column":21},"end":{"line":5,"column":null}},"1":{"start":{"line":22,"column":67},"end":{"line":22,"column":null}},"2":{"start":{"line":23,"column":2},"end":{"line":34,"column":null}}},"fnMap":{"0":{"name":"ButtonPrimary","decl":{"start":{"line":21,"column":24},"end":{"line":21,"column":38}},"loc":{"start":{"line":21,"column":65},"end":{"line":36,"column":null}}}},"branchMap":{},"s":{"0":2,"1":0,"2":0},"f":{"0":0},"b":{}}
,"C:/Users/Ivann/Documents/Skola/testing-typescript/harmony-run/frontend/src/components/Health/DailyHealth.tsx": {"path":"C:/Users/Ivann/Documents/Skola/testing-typescript/harmony-run/frontend/src/components/Health/DailyHealth.tsx","statementMap":{"0":{"start":{"line":4,"column":2},"end":{"line":7,"column":null}}},"fnMap":{"0":{"name":"DailyHealth","decl":{"start":{"line":3,"column":24},"end":{"line":3,"column":38}},"loc":{"start":{"line":3,"column":38},"end":{"line":9,"column":null}}}},"branchMap":{},"s":{"0":0},"f":{"0":0},"b":{}}
,"C:/Users/Ivann/Documents/Skola/testing-typescript/harmony-run/frontend/src/components/Health/HealthForm/HealthForm.styled.tsx": {"path":"C:/Users/Ivann/Documents/Skola/testing-typescript/harmony-run/frontend/src/components/Health/HealthForm/HealthForm.styled.tsx","statementMap":{"0":{"start":{"line":3,"column":24},"end":{"line":3,"column":null}},"1":{"start":{"line":12,"column":31},"end":{"line":12,"column":null}}},"fnMap":{},"branchMap":{},"s":{"0":2,"1":2},"f":{},"b":{}}
,"C:/Users/Ivann/Documents/Skola/testing-typescript/harmony-run/frontend/src/components/Health/HealthForm/HealthForm.tsx": {"path":"C:/Users/Ivann/Documents/Skola/testing-typescript/harmony-run/frontend/src/components/Health/HealthForm/HealthForm.tsx","statementMap":{"0":{"start":{"line":9,"column":26},"end":{"line":9,"column":null}},"1":{"start":{"line":10,"column":30},"end":{"line":10,"column":null}},"2":{"start":{"line":11,"column":26},"end":{"line":11,"column":null}},"3":{"start":{"line":12,"column":30},"end":{"line":12,"column":null}},"4":{"start":{"line":13,"column":26},"end":{"line":13,"column":null}},"5":{"start":{"line":14,"column":38},"end":{"line":14,"column":null}},"6":{"start":{"line":15,"column":34},"end":{"line":15,"column":null}},"7":{"start":{"line":17,"column":19},"end":{"line":17,"column":null}},"8":{"start":{"line":19,"column":2},"end":{"line":32,"column":null}},"9":{"start":{"line":20,"column":4},"end":{"line":31,"column":null}},"10":{"start":{"line":28,"column":6},"end":{"line":28,"column":null}},"11":{"start":{"line":30,"column":6},"end":{"line":30,"column":null}},"12":{"start":{"line":36,"column":22},"end":{"line":36,"column":null}},"13":{"start":{"line":37,"column":4},"end":{"line":37,"column":null}},"14":{"start":{"line":38,"column":24},"end":{"line":38,"column":null}},"15":{"start":{"line":39,"column":4},"end":{"line":39,"column":null}},"16":{"start":{"line":41,"column":22},"end":{"line":41,"column":null}},"17":{"start":{"line":42,"column":4},"end":{"line":42,"column":null}},"18":{"start":{"line":44,"column":24},"end":{"line":44,"column":null}},"19":{"start":{"line":45,"column":4},"end":{"line":45,"column":null}},"20":{"start":{"line":47,"column":22},"end":{"line":47,"column":null}},"21":{"start":{"line":48,"column":4},"end":{"line":48,"column":null}},"22":{"start":{"line":50,"column":28},"end":{"line":50,"column":null}},"23":{"start":{"line":51,"column":4},"end":{"line":51,"column":null}},"24":{"start":{"line":53,"column":24},"end":{"line":61,"column":null}},"25":{"start":{"line":62,"column":4},"end":{"line":62,"column":null}},"26":{"start":{"line":65,"column":6},"end":{"line":65,"column":null}},"27":{"start":{"line":66,"column":35},"end":{"line":66,"column":null}},"28":{"start":{"line":67,"column":6},"end":{"line":73,"column":null}},"29":{"start":{"line":68,"column":8},"end":{"line":68,"column":null}},"30":{"start":{"line":69,"column":6},"end":{"line":73,"column":null}},"31":{"start":{"line":70,"column":8},"end":{"line":70,"column":null}},"32":{"start":{"line":71,"column":6},"end":{"line":73,"column":null}},"33":{"start":{"line":72,"column":8},"end":{"line":72,"column":null}},"34":{"start":{"line":74,"column":6},"end":{"line":74,"column":null}},"35":{"start":{"line":75,"column":6},"end":{"line":75,"column":null}},"36":{"start":{"line":78,"column":24},"end":{"line":78,"column":null}},"37":{"start":{"line":79,"column":4},"end":{"line":79,"column":null}},"38":{"start":{"line":80,"column":4},"end":{"line":80,"column":null}},"39":{"start":{"line":81,"column":4},"end":{"line":81,"column":null}},"40":{"start":{"line":84,"column":2},"end":{"line":238,"column":null}},"41":{"start":{"line":95,"column":10},"end":{"line":95,"column":null}},"42":{"start":{"line":121,"column":10},"end":{"line":121,"column":null}},"43":{"start":{"line":141,"column":10},"end":{"line":141,"column":null}},"44":{"start":{"line":155,"column":10},"end":{"line":155,"column":null}},"45":{"start":{"line":169,"column":10},"end":{"line":169,"column":null}},"46":{"start":{"line":207,"column":10},"end":{"line":207,"column":null}}},"fnMap":{"0":{"name":"HealthForm","decl":{"start":{"line":8,"column":24},"end":{"line":8,"column":37}},"loc":{"start":{"line":8,"column":37},"end":{"line":240,"column":null}}},"1":{"name":"(anonymous_1)","decl":{"start":{"line":19,"column":12},"end":{"line":19,"column":18}},"loc":{"start":{"line":19,"column":18},"end":{"line":32,"column":5}}},"2":{"name":"handlesubmit","decl":{"start":{"line":34,"column":11},"end":{"line":34,"column":26}},"loc":{"start":{"line":34,"column":26},"end":{"line":82,"column":null}}},"3":{"name":"Converter","decl":{"start":{"line":64,"column":13},"end":{"line":64,"column":23}},"loc":{"start":{"line":64,"column":44},"end":{"line":76,"column":null}}},"4":{"name":"(anonymous_4)","decl":{"start":{"line":94,"column":18},"end":{"line":94,"column":19}},"loc":{"start":{"line":94,"column":25},"end":{"line":96,"column":null}}},"5":{"name":"(anonymous_5)","decl":{"start":{"line":120,"column":18},"end":{"line":120,"column":19}},"loc":{"start":{"line":120,"column":25},"end":{"line":122,"column":null}}},"6":{"name":"(anonymous_6)","decl":{"start":{"line":140,"column":18},"end":{"line":140,"column":19}},"loc":{"start":{"line":140,"column":25},"end":{"line":142,"column":null}}},"7":{"name":"(anonymous_7)","decl":{"start":{"line":154,"column":18},"end":{"line":154,"column":19}},"loc":{"start":{"line":154,"column":25},"end":{"line":156,"column":null}}},"8":{"name":"(anonymous_8)","decl":{"start":{"line":168,"column":18},"end":{"line":168,"column":19}},"loc":{"start":{"line":168,"column":25},"end":{"line":170,"column":null}}},"9":{"name":"(anonymous_9)","decl":{"start":{"line":206,"column":18},"end":{"line":206,"column":19}},"loc":{"start":{"line":206,"column":25},"end":{"line":208,"column":null}}}},"branchMap":{"0":{"loc":{"start":{"line":20,"column":4},"end":{"line":31,"column":null}},"type":"if","locations":[{"start":{"line":20,"column":4},"end":{"line":31,"column":null}},{"start":{"line":29,"column":11},"end":{"line":31,"column":null}}]},"1":{"loc":{"start":{"line":21,"column":6},"end":{"line":26,"column":null}},"type":"binary-expr","locations":[{"start":{"line":21,"column":6},"end":{"line":21,"column":null}},{"start":{"line":22,"column":6},"end":{"line":22,"column":null}},{"start":{"line":23,"column":6},"end":{"line":23,"column":null}},{"start":{"line":24,"column":6},"end":{"line":24,"column":null}},{"start":{"line":25,"column":6},"end":{"line":25,"column":null}},{"start":{"line":26,"column":6},"end":{"line":26,"column":null}}]},"2":{"loc":{"start":{"line":67,"column":6},"end":{"line":73,"column":null}},"type":"if","locations":[{"start":{"line":67,"column":6},"end":{"line":73,"column":null}},{"start":{"line":69,"column":6},"end":{"line":73,"column":null}}]},"3":{"loc":{"start":{"line":69,"column":6},"end":{"line":73,"column":null}},"type":"if","locations":[{"start":{"line":69,"column":6},"end":{"line":73,"column":null}},{"start":{"line":71,"column":6},"end":{"line":73,"column":null}}]},"4":{"loc":{"start":{"line":71,"column":6},"end":{"line":73,"column":null}},"type":"if","locations":[{"start":{"line":71,"column":6},"end":{"line":73,"column":null}}]}},"s":{"0":0,"1":0,"2":0,"3":0,"4":0,"5":0,"6":0,"7":0,"8":0,"9":0,"10":0,"11":0,"12":0,"13":0,"14":0,"15":0,"16":0,"17":0,"18":0,"19":0,"20":0,"21":0,"22":0,"23":0,"24":0,"25":0,"26":0,"27":0,"28":0,"29":0,"30":0,"31":0,"32":0,"33":0,"34":0,"35":0,"36":0,"37":0,"38":0,"39":0,"40":0,"41":0,"42":0,"43":0,"44":0,"45":0,"46":0},"f":{"0":0,"1":0,"2":0,"3":0,"4":0,"5":0,"6":0,"7":0,"8":0,"9":0},"b":{"0":[0,0],"1":[0,0,0,0,0,0],"2":[0,0],"3":[0,0],"4":[0]}}
,"C:/Users/Ivann/Documents/Skola/testing-typescript/harmony-run/frontend/src/components/Health/Workout/WorkoutAdvice.styled.tsx": {"path":"C:/Users/Ivann/Documents/Skola/testing-typescript/harmony-run/frontend/src/components/Health/Workout/WorkoutAdvice.styled.tsx","statementMap":{"0":{"start":{"line":3,"column":31},"end":{"line":3,"column":null}},"1":{"start":{"line":7,"column":25},"end":{"line":7,"column":null}},"2":{"start":{"line":18,"column":27},"end":{"line":18,"column":null}}},"fnMap":{},"branchMap":{},"s":{"0":2,"1":2,"2":2},"f":{},"b":{}}
,"C:/Users/Ivann/Documents/Skola/testing-typescript/harmony-run/frontend/src/components/Health/Workout/WorkoutAdvice.tsx": {"path":"C:/Users/Ivann/Documents/Skola/testing-typescript/harmony-run/frontend/src/components/Health/Workout/WorkoutAdvice.tsx","statementMap":{"0":{"start":{"line":17,"column":42},"end":{"line":17,"column":null}},"1":{"start":{"line":18,"column":16},"end":{"line":18,"column":null}},"2":{"start":{"line":19,"column":2},"end":{"line":19,"column":null}},"3":{"start":{"line":21,"column":2},"end":{"line":30,"column":null}},"4":{"start":{"line":22,"column":4},"end":{"line":29,"column":null}},"5":{"start":{"line":23,"column":6},"end":{"line":28,"column":null}},"6":{"start":{"line":24,"column":28},"end":{"line":24,"column":43}},"7":{"start":{"line":26,"column":10},"end":{"line":26,"column":null}},"8":{"start":{"line":27,"column":10},"end":{"line":27,"column":null}},"9":{"start":{"line":33,"column":4},"end":{"line":40,"column":null}},"10":{"start":{"line":34,"column":6},"end":{"line":39,"column":null}},"11":{"start":{"line":34,"column":19},"end":{"line":34,"column":22}},"12":{"start":{"line":35,"column":24},"end":{"line":35,"column":null}},"13":{"start":{"line":36,"column":26},"end":{"line":36,"column":null}},"14":{"start":{"line":37,"column":8},"end":{"line":37,"column":null}},"15":{"start":{"line":38,"column":8},"end":{"line":38,"column":null}},"16":{"start":{"line":43,"column":2},"end":{"line":80,"column":null}}},"fnMap":{"0":{"name":"WorkoutAdvice","decl":{"start":{"line":16,"column":24},"end":{"line":16,"column":40}},"loc":{"start":{"line":16,"column":40},"end":{"line":82,"column":null}}},"1":{"name":"(anonymous_1)","decl":{"start":{"line":21,"column":12},"end":{"line":21,"column":18}},"loc":{"start":{"line":21,"column":18},"end":{"line":30,"column":5}}},"2":{"name":"(anonymous_2)","decl":{"start":{"line":24,"column":14},"end":{"line":24,"column":15}},"loc":{"start":{"line":24,"column":28},"end":{"line":24,"column":43}}},"3":{"name":"(anonymous_3)","decl":{"start":{"line":25,"column":14},"end":{"line":25,"column":15}},"loc":{"start":{"line":25,"column":42},"end":{"line":28,"column":9}}},"4":{"name":"RandomizeTip","decl":{"start":{"line":32,"column":11},"end":{"line":32,"column":24}},"loc":{"start":{"line":32,"column":48},"end":{"line":41,"column":null}}}},"branchMap":{"0":{"loc":{"start":{"line":22,"column":4},"end":{"line":29,"column":null}},"type":"if","locations":[{"start":{"line":22,"column":4},"end":{"line":29,"column":null}}]},"1":{"loc":{"start":{"line":33,"column":4},"end":{"line":40,"column":null}},"type":"if","locations":[{"start":{"line":33,"column":4},"end":{"line":40,"column":null}}]},"2":{"loc":{"start":{"line":33,"column":8},"end":{"line":33,"column":37}},"type":"binary-expr","locations":[{"start":{"line":33,"column":8},"end":{"line":33,"column":18}},{"start":{"line":33,"column":18},"end":{"line":33,"column":37}}]},"3":{"loc":{"start":{"line":52,"column":7},"end":{"line":78,"column":null}},"type":"binary-expr","locations":[{"start":{"line":52,"column":7},"end":{"line":52,"column":null}},{"start":{"line":53,"column":8},"end":{"line":78,"column":null}}]}},"s":{"0":0,"1":0,"2":0,"3":0,"4":0,"5":0,"6":0,"7":0,"8":0,"9":0,"10":0,"11":0,"12":0,"13":0,"14":0,"15":0,"16":0},"f":{"0":0,"1":0,"2":0,"3":0,"4":0},"b":{"0":[0],"1":[0],"2":[0,0],"3":[0,0]}}
,"C:/Users/Ivann/Documents/Skola/testing-typescript/harmony-run/frontend/src/components/HomePage/HomePage.styled.tsx": {"path":"C:/Users/Ivann/Documents/Skola/testing-typescript/harmony-run/frontend/src/components/HomePage/HomePage.styled.tsx","statementMap":{"0":{"start":{"line":3,"column":31},"end":{"line":3,"column":null}},"1":{"start":{"line":7,"column":25},"end":{"line":7,"column":null}}},"fnMap":{},"branchMap":{},"s":{"0":2,"1":2},"f":{},"b":{}}
,"C:/Users/Ivann/Documents/Skola/testing-typescript/harmony-run/frontend/src/components/HomePage/HomePage.tsx": {"path":"C:/Users/Ivann/Documents/Skola/testing-typescript/harmony-run/frontend/src/components/HomePage/HomePage.tsx","statementMap":{"0":{"start":{"line":4,"column":2},"end":{"line":47,"column":null}}},"fnMap":{"0":{"name":"HomePage","decl":{"start":{"line":3,"column":24},"end":{"line":3,"column":35}},"loc":{"start":{"line":3,"column":35},"end":{"line":49,"column":null}}}},"branchMap":{},"s":{"0":2},"f":{"0":2},"b":{}}
,"C:/Users/Ivann/Documents/Skola/testing-typescript/harmony-run/frontend/src/components/Inputs/RadioInput/RadioChoice.tsx": {"path":"C:/Users/Ivann/Documents/Skola/testing-typescript/harmony-run/frontend/src/components/Inputs/RadioInput/RadioChoice.tsx","statementMap":{"0":{"start":{"line":14,"column":72},"end":{"line":14,"column":null}},"1":{"start":{"line":15,"column":2},"end":{"line":42,"column":null}}},"fnMap":{"0":{"name":"RadioChoice","decl":{"start":{"line":13,"column":24},"end":{"line":13,"column":36}},"loc":{"start":{"line":13,"column":61},"end":{"line":44,"column":null}}}},"branchMap":{},"s":{"0":0,"1":0},"f":{"0":0},"b":{}}
,"C:/Users/Ivann/Documents/Skola/testing-typescript/harmony-run/frontend/src/components/Inputs/RadioInput/RadioGroup.styled.tsx": {"path":"C:/Users/Ivann/Documents/Skola/testing-typescript/harmony-run/frontend/src/components/Inputs/RadioInput/RadioGroup.styled.tsx","statementMap":{"0":{"start":{"line":6,"column":38},"end":{"line":6,"column":null}},"1":{"start":{"line":16,"column":27},"end":{"line":16,"column":null}},"2":{"start":{"line":22,"column":30},"end":{"line":22,"column":null}},"3":{"start":{"line":33,"column":24},"end":{"line":33,"column":null}},"4":{"start":{"line":40,"column":31},"end":{"line":40,"column":null}}},"fnMap":{},"branchMap":{},"s":{"0":2,"1":2,"2":2,"3":2,"4":2},"f":{},"b":{}}
,"C:/Users/Ivann/Documents/Skola/testing-typescript/harmony-run/frontend/src/components/Inputs/RadioInput/RadioInput.tsx": {"path":"C:/Users/Ivann/Documents/Skola/testing-typescript/harmony-run/frontend/src/components/Inputs/RadioInput/RadioInput.tsx","statementMap":{"0":{"start":{"line":26,"column":6},"end":{"line":26,"column":null}},"1":{"start":{"line":27,"column":2},"end":{"line":52,"column":null}}},"fnMap":{"0":{"name":"RadioInput","decl":{"start":{"line":16,"column":24},"end":{"line":16,"column":35}},"loc":{"start":{"line":16,"column":59},"end":{"line":54,"column":null}}}},"branchMap":{},"s":{"0":0,"1":0},"f":{"0":0},"b":{}}
}
