TN:
SF:cypress\component\AllWorkouts.cy.tsx
FN:3,(anonymous_0)
FN:4,(anonymous_1)
FN:9,(anonymous_2)
FN:16,(anonymous_3)
FN:24,(anonymous_4)
FN:32,(anonymous_5)
FN:46,(anonymous_6)
FNF:7
FNH:7
FNDA:7,(anonymous_0)
FNDA:7,(anonymous_1)
FNDA:6,(anonymous_2)
FNDA:5,(anonymous_3)
FNDA:4,(anonymous_4)
FNDA:3,(anonymous_5)
FNDA:2,(anonymous_6)
DA:3,7
DA:4,7
DA:5,7
DA:6,7
DA:9,7
DA:10,6
DA:11,6
DA:12,6
DA:13,6
DA:16,7
DA:17,5
DA:18,5
DA:19,5
DA:20,5
DA:21,5
DA:24,7
DA:25,4
DA:26,4
DA:27,4
DA:28,4
DA:29,4
DA:32,7
DA:33,3
DA:34,3
DA:35,3
DA:38,3
DA:41,3
DA:46,7
DA:47,2
DA:48,2
DA:49,2
DA:50,2
DA:51,2
DA:53,2
DA:54,2
DA:55,2
DA:56,2
DA:58,2
DA:59,2
DA:62,2
DA:63,2
LF:41
LH:41
BRF:0
BRH:0
end_of_record
TN:
SF:cypress\support\component.ts
FNF:0
FNH:0
DA:37,7
LF:1
LH:1
BRF:0
BRH:0
end_of_record
TN:
SF:src\components\Health\Workout\Allworkouts\AllWorkouts.tsx
FN:1,(anonymous_0)
FN:9,AllWorkouts
FN:20,(anonymous_2)
FN:28,(anonymous_3)
FN:36,(anonymous_4)
FNF:5
FNH:5
FNDA:7,(anonymous_0)
FNDA:56,AllWorkouts
FNDA:9,(anonymous_2)
FNDA:8,(anonymous_3)
FNDA:7,(anonymous_4)
DA:1,56
DA:9,56
DA:10,56
DA:11,51
DA:12,51
DA:13,51
DA:21,9
DA:29,8
DA:37,7
DA:48,7
LF:10
LH:10
BRDA:1,0,0,7
BRDA:1,0,1,0
BRDA:1,1,0,7
BRDA:1,2,0,7
BRDA:1,2,1,7
BRDA:26,3,0,51
BRDA:26,3,1,7
BRDA:34,4,0,51
BRDA:34,4,1,6
BRDA:42,5,0,51
BRDA:42,5,1,5
BRF:11
BRH:10
end_of_record
TN:
SF:src\components\Health\Workout\Allworkouts\Allworkouts.styled.tsx
FNF:0
FNH:0
DA:4,7
DA:17,7
DA:24,7
DA:30,7
DA:36,7
DA:44,7
LF:6
LH:6
BRF:0
BRH:0
end_of_record
TN:
SF:src\components\Health\Workout\Allworkouts\Highintensity.tsx
FN:1,(anonymous_0)
FN:5,HighIntensity
FN:7,(anonymous_2)
FN:9,(anonymous_3)
FN:10,(anonymous_4)
FN:19,(anonymous_5)
FNF:6
FNH:6
FNDA:7,(anonymous_0)
FNDA:19,HighIntensity
FNDA:7,(anonymous_2)
FNDA:7,(anonymous_3)
FNDA:7,(anonymous_4)
FNDA:21,(anonymous_5)
DA:1,56
DA:5,19
DA:6,19
DA:7,14
DA:8,7
DA:9,7
DA:11,7
DA:12,7
DA:16,14
DA:20,21
DA:49,7
LF:11
LH:11
BRDA:1,0,0,7
BRDA:1,0,1,0
BRDA:1,1,0,7
BRDA:1,2,0,7
BRDA:1,2,1,7
BRDA:18,3,0,14
BRDA:18,3,1,14
BRF:7
BRH:6
end_of_record
TN:
SF:src\components\Health\Workout\Allworkouts\LowIntensity.tsx
FN:1,(anonymous_0)
FN:12,LowIntensity
FN:14,(anonymous_2)
FN:16,(anonymous_3)
FN:17,(anonymous_4)
FN:26,(anonymous_5)
FNF:6
FNH:6
FNDA:7,(anonymous_0)
FNDA:13,LowIntensity
FNDA:5,(anonymous_2)
FNDA:5,(anonymous_3)
FNDA:5,(anonymous_4)
FNDA:15,(anonymous_5)
DA:1,56
DA:12,13
DA:13,13
DA:14,10
DA:15,5
DA:16,5
DA:18,5
DA:19,5
DA:23,10
DA:27,15
DA:56,7
LF:11
LH:11
BRDA:1,0,0,7
BRDA:1,0,1,0
BRDA:1,1,0,7
BRDA:1,2,0,7
BRDA:1,2,1,7
BRDA:25,3,0,10
BRDA:25,3,1,10
BRF:7
BRH:6
end_of_record
TN:
SF:src\components\Health\Workout\Allworkouts\MediumIntensity.tsx
FN:1,(anonymous_0)
FN:12,MediumIntensity
FN:14,(anonymous_2)
FN:16,(anonymous_3)
FN:17,(anonymous_4)
FN:26,(anonymous_5)
FNF:6
FNH:6
FNDA:7,(anonymous_0)
FNDA:16,MediumIntensity
FNDA:6,(anonymous_2)
FNDA:6,(anonymous_3)
FNDA:6,(anonymous_4)
FNDA:24,(anonymous_5)
DA:1,56
DA:12,16
DA:13,16
DA:14,12
DA:15,6
DA:16,6
DA:18,6
DA:19,6
DA:23,12
DA:27,24
DA:56,7
LF:11
LH:11
BRDA:1,0,0,7
BRDA:1,0,1,0
BRDA:1,1,0,7
BRDA:1,2,0,7
BRDA:1,2,1,7
BRDA:25,3,0,12
BRDA:25,3,1,12
BRF:7
BRH:6
end_of_record
TN:
SF:src\components\Health\Workout\General\GeneralTips.tsx
FN:1,(anonymous_0)
FN:5,GeneralTips
FN:7,(anonymous_2)
FN:9,(anonymous_3)
FN:10,(anonymous_4)
FN:18,(anonymous_5)
FNF:6
FNH:6
FNDA:7,(anonymous_0)
FNDA:71,GeneralTips
FNDA:27,(anonymous_2)
FNDA:25,(anonymous_3)
FNDA:25,(anonymous_4)
FNDA:150,(anonymous_5)
DA:1,56
DA:5,71
DA:6,71
DA:7,71
DA:8,27
DA:9,25
DA:11,25
DA:12,25
DA:15,71
DA:19,150
DA:25,7
LF:11
LH:11
BRDA:1,0,0,7
BRDA:1,0,1,0
BRDA:1,1,0,7
BRDA:1,2,0,7
BRDA:1,2,1,7
BRDA:17,3,0,71
BRDA:17,3,1,71
BRF:7
BRH:6
end_of_record
TN:
SF:src\components\Health\WorkoutAdvice\WorkoutAdvice.styled.tsx
FNF:0
FNH:0
DA:3,7
DA:7,7
DA:18,7
DA:25,7
LF:4
LH:4
BRF:0
BRH:0
end_of_record
