TN:
SF:cypress\component\MediumIntensity.cy.tsx
FN:3,(anonymous_0)
FN:4,(anonymous_1)
FN:8,(anonymous_2)
FNF:3
FNH:3
FNDA:3,(anonymous_0)
FNDA:3,(anonymous_1)
FNDA:2,(anonymous_2)
DA:3,3
DA:4,3
DA:5,3
DA:8,3
DA:9,2
DA:10,2
DA:11,2
DA:12,2
DA:13,2
LF:9
LH:9
BRF:0
BRH:0
end_of_record
TN:
SF:cypress\support\component.ts
FNF:0
FNH:0
DA:37,3
LF:1
LH:1
BRF:0
BRH:0
end_of_record
TN:
SF:src\components\Health\Workout\Allworkouts\Allworkouts.styled.tsx
FNF:0
FNH:0
DA:4,3
DA:17,3
DA:24,3
DA:30,3
DA:36,3
DA:44,3
LF:6
LH:6
BRF:0
BRH:0
end_of_record
TN:
SF:src\components\Health\Workout\Allworkouts\MediumIntensity.tsx
FN:1,(anonymous_0)
FN:12,MediumIntensity
FN:14,(anonymous_2)
FN:16,(anonymous_3)
FN:17,(anonymous_4)
FN:26,(anonymous_5)
FNF:6
FNH:6
FNDA:3,(anonymous_0)
FNDA:9,MediumIntensity
FNDA:5,(anonymous_2)
FNDA:4,(anonymous_3)
FNDA:4,(anonymous_4)
FNDA:8,(anonymous_5)
DA:1,24
DA:12,9
DA:13,9
DA:14,7
DA:15,5
DA:16,4
DA:18,4
DA:19,4
DA:23,7
DA:27,8
DA:56,3
LF:11
LH:11
BRDA:1,0,0,3
BRDA:1,0,1,0
BRDA:1,1,0,3
BRDA:1,2,0,3
BRDA:1,2,1,3
BRDA:25,3,0,7
BRDA:25,3,1,7
BRF:7
BRH:6
end_of_record
